<?xml version="1.0" encoding="UTF-8"?>
<testng-results skipped="0" failed="0" ignored="0" total="1" passed="1">
  <reporter-output>
  </reporter-output>
  <suite name="Suite" duration-ms="37870" started-at="2019-11-04T14:46:13Z" finished-at="2019-11-04T14:46:51Z">
    <groups>
      <group name="cucumber">
        <method signature="TestNgRunner.feature(cucumber.api.testng.CucumberFeatureWrapper)[pri:0, instance:com.runner.TestNgRunner@5f71c76a]" name="feature" class="com.runner.TestNgRunner"/>
      </group> <!-- cucumber -->
    </groups>
    <test name="Test" duration-ms="37870" started-at="2019-11-04T14:46:13Z" finished-at="2019-11-04T14:46:51Z">
      <class name="com.runner.TestNgRunner">
        <test-method status="PASS" signature="setUpClass()[pri:0, instance:com.runner.TestNgRunner@5f71c76a]" name="setUpClass" is-config="true" duration-ms="501" started-at="2019-11-04T14:46:13Z" finished-at="2019-11-04T14:46:14Z">
          <reporter-output>
          </reporter-output>
        </test-method> <!-- setUpClass -->
        <test-method status="PASS" signature="feature(cucumber.api.testng.CucumberFeatureWrapper)[pri:0, instance:com.runner.TestNgRunner@5f71c76a]" name="feature" duration-ms="36837" started-at="2019-11-04T14:46:14Z" description="Runs Cucumber Feature" data-provider="features" finished-at="2019-11-04T14:46:51Z">
          <params>
            <param index="0">
              <value>
                <![CDATA[Login function validation]]>
              </value>
            </param>
          </params>
          <reporter-output>
          </reporter-output>
        </test-method> <!-- feature -->
        <test-method status="PASS" signature="tearDownClass()[pri:0, instance:com.runner.TestNgRunner@5f71c76a]" name="tearDownClass" is-config="true" duration-ms="369" started-at="2019-11-04T14:46:51Z" finished-at="2019-11-04T14:46:51Z">
          <reporter-output>
          </reporter-output>
        </test-method> <!-- tearDownClass -->
      </class> <!-- com.runner.TestNgRunner -->
    </test> <!-- Test -->
  </suite> <!-- Suite -->
</testng-results>
